C51 COMPILER V9.52.0.0   MAIN                                                              06/21/2023 21:29:51 PAGE 1   


C51 COMPILER V9.52.0.0, COMPILATION OF MODULE MAIN
OBJECT MODULE PLACED IN main.OBJ
COMPILER INVOKED BY: C:\Keil\C51\BIN\C51.EXE main.c BROWSE DEBUG OBJECTEXTEND TABS(2)

line level    source

   1          #include <REGX52.h>
   2          
   3          sbit T = P2^0;
   4          sbit N = P2^1;
   5          
   6          sbit D = P0^0;
   7          sbit GHT = P0^1;
   8          sbit M = P0^2;
   9          sbit GHD = P0^3;
  10          sbit S = P0^4;
  11          sbit K = P0^5;
  12          int main(){
  13   1        while (1){
  14   2          if (!D && !S && GHT && GHD && K && M)
  15   2          {
  16   3            T=1;
  17   3            N=0;
  18   3          }
  19   2          if (!D && !S && !GHT && GHD && K && M)
  20   2          {
  21   3            T=1;
  22   3            N=1;
  23   3          }
  24   2          if (D && !S && GHT && GHD && K && !M)
  25   2          {
  26   3            T=0;
  27   3            N=1;
  28   3          }
  29   2          if (D && !S && GHT && !GHD && K && !M)
  30   2          {
  31   3            T=1;
  32   3            N=1;
  33   3          }
  34   2          if (!K){
  35   3            T=1; N=1;
  36   3          }
  37   2          if (!S && D && M){
  38   3            T=1; N=1;
  39   3          }
  40   2          if (S) {
  41   3            T=1; N=1;
  42   3          }
  43   2        }
  44   1      }
  45          
  46            


MODULE INFORMATION:   STATIC OVERLAYABLE
   CODE SIZE        =    117    ----
   CONSTANT SIZE    =   ----    ----
   XDATA SIZE       =   ----    ----
   PDATA SIZE       =   ----    ----
   DATA SIZE        =   ----    ----
   IDATA SIZE       =   ----    ----
C51 COMPILER V9.52.0.0   MAIN                                                              06/21/2023 21:29:51 PAGE 2   

   BIT SIZE         =   ----    ----
END OF MODULE INFORMATION.


C51 COMPILATION COMPLETE.  0 WARNING(S),  0 ERROR(S)
